<?xml version="1.0" encoding="UTF-8"?>
<testng-results ignored="0" total="2" passed="2" failed="0" skipped="0">
  <reporter-output>
  </reporter-output>
  <suite started-at="2025-05-29T13:15:57 IST" name="Suite" finished-at="2025-05-29T13:16:17 IST" duration-ms="20551">
    <groups>
      <group name="Master">
        <method signature="TC001_AccountRegTest.home()[pri:0, instance:testCases.TC001_AccountRegTest@445b295b]" name="home" class="testCases.TC001_AccountRegTest"/>
        <method signature="TC002_LoginTest.verify_Login()[pri:0, instance:testCases.TC002_LoginTest@6aaceffd]" name="verify_Login" class="testCases.TC002_LoginTest"/>
      </group> <!-- Master -->
      <group name="Sanity">
        <method signature="TC002_LoginTest.verify_Login()[pri:0, instance:testCases.TC002_LoginTest@6aaceffd]" name="verify_Login" class="testCases.TC002_LoginTest"/>
      </group> <!-- Sanity -->
      <group name="Regression">
        <method signature="TC001_AccountRegTest.home()[pri:0, instance:testCases.TC001_AccountRegTest@445b295b]" name="home" class="testCases.TC001_AccountRegTest"/>
      </group> <!-- Regression -->
    </groups>
    <test started-at="2025-05-29T13:15:57 IST" name="Test" finished-at="2025-05-29T13:16:17 IST" duration-ms="20551">
      <class name="testCases.TC002_LoginTest">
        <test-method is-config="true" signature="setup(java.lang.String,java.lang.String)[pri:0, instance:testCases.TC002_LoginTest@6aaceffd]" started-at="2025-05-29T13:16:10 IST" name="setup" finished-at="2025-05-29T13:16:14 IST" duration-ms="4264" status="PASS">
          <params>
            <param index="0">
              <value>
                <![CDATA[Windows]]>
              </value>
            </param>
            <param index="1">
              <value>
                <![CDATA[chrome]]>
              </value>
            </param>
          </params>
          <reporter-output>
          </reporter-output>
        </test-method> <!-- setup -->
        <test-method signature="verify_Login()[pri:0, instance:testCases.TC002_LoginTest@6aaceffd]" started-at="2025-05-29T13:16:14 IST" name="verify_Login" finished-at="2025-05-29T13:16:17 IST" duration-ms="2423" status="PASS">
          <reporter-output>
          </reporter-output>
        </test-method> <!-- verify_Login -->
        <test-method is-config="true" signature="tearDown()[pri:0, instance:testCases.TC002_LoginTest@6aaceffd]" started-at="2025-05-29T13:16:17 IST" name="tearDown" finished-at="2025-05-29T13:16:17 IST" duration-ms="439" status="PASS">
          <reporter-output>
          </reporter-output>
        </test-method> <!-- tearDown -->
      </class> <!-- testCases.TC002_LoginTest -->
      <class name="testCases.TC001_AccountRegTest">
        <test-method is-config="true" signature="setup(java.lang.String,java.lang.String)[pri:0, instance:testCases.TC001_AccountRegTest@445b295b]" started-at="2025-05-29T13:15:57 IST" name="setup" finished-at="2025-05-29T13:16:05 IST" duration-ms="7837" status="PASS">
          <params>
            <param index="0">
              <value>
                <![CDATA[Windows]]>
              </value>
            </param>
            <param index="1">
              <value>
                <![CDATA[chrome]]>
              </value>
            </param>
          </params>
          <reporter-output>
          </reporter-output>
        </test-method> <!-- setup -->
        <test-method signature="home()[pri:0, instance:testCases.TC001_AccountRegTest@445b295b]" started-at="2025-05-29T13:16:05 IST" name="home" finished-at="2025-05-29T13:16:10 IST" duration-ms="4674" status="PASS">
          <reporter-output>
          </reporter-output>
        </test-method> <!-- home -->
        <test-method is-config="true" signature="tearDown()[pri:0, instance:testCases.TC001_AccountRegTest@445b295b]" started-at="2025-05-29T13:16:10 IST" name="tearDown" finished-at="2025-05-29T13:16:10 IST" duration-ms="349" status="PASS">
          <reporter-output>
          </reporter-output>
        </test-method> <!-- tearDown -->
      </class> <!-- testCases.TC001_AccountRegTest -->
    </test> <!-- Test -->
  </suite> <!-- Suite -->
</testng-results>
